Using pre-set license
Built from '2021.1/staging' branch; Version is '2021.1.11f1 (4d8c25f7477e) revision 5082149'; Using compiler version '192528614'; Build Type 'Release'
OS: 'Windows 10 Pro; OS build 19042.985; Version 2009; 64bit' Language: 'en' Physical Memory: 32706 MB
BatchMode: 1, IsHumanControllingUs: 0, StartBugReporterOnCrash: 0, Is64bit: 1, IsPro: 0

 COMMAND LINE ARGUMENTS:
F:\Unity\2021.1.11f1\Editor\Unity.exe
-adb2
-batchMode
-noUpm
-name
AssetImportWorker0
-projectPath
F:/Game Design/GMTK2021-GameJam
-logFile
Logs/AssetImportWorker0.log
-srvPort
50909
Successfully changed project path to: F:/Game Design/GMTK2021-GameJam
F:/Game Design/GMTK2021-GameJam
Using Asset Import Pipeline V2.
Refreshing native plugins compatible for Editor in 157.47 ms, found 3 plugins.
Preloading 0 native plugins for Editor in 0.00 ms.
Initialize engine version: 2021.1.11f1 (4d8c25f7477e)
[Subsystems] Discovering subsystems at path F:/Unity/2021.1.11f1/Editor/Data/Resources/UnitySubsystems
[Subsystems] Discovering subsystems at path F:/Game Design/GMTK2021-GameJam/Assets
GfxDevice: creating device client; threaded=0; jobified=0
Direct3D:
    Version:  Direct3D 11.0 [level 11.1]
    Renderer: NVIDIA GeForce GTX 970 (ID=0x13c2)
    Vendor:   NVIDIA
    VRAM:     4043 MB
    Driver:   27.21.14.5671
Initialize mono
Mono path[0] = 'F:/Unity/2021.1.11f1/Editor/Data/Managed'
Mono path[1] = 'F:/Unity/2021.1.11f1/Editor/Data/MonoBleedingEdge/lib/mono/unityjit'
Mono config path = 'F:/Unity/2021.1.11f1/Editor/Data/MonoBleedingEdge/etc'
Using monoOptions --debugger-agent=transport=dt_socket,embedding=1,server=y,suspend=n,address=127.0.0.1:56272
Begin MonoManager ReloadAssembly
Registering precompiled unity dll's ...
Register platform support module: F:/Unity/2021.1.11f1/Editor/Data/PlaybackEngines/MacStandaloneSupport/UnityEditor.OSXStandalone.Extensions.dll
Register platform support module: F:/Unity/2021.1.11f1/Editor/Data/PlaybackEngines/WindowsStandaloneSupport/UnityEditor.WindowsStandalone.Extensions.dll
Registered in 0.002988 seconds.
Native extension for WindowsStandalone target not found
Native extension for OSXStandalone target not found
Refreshing native plugins compatible for Editor in 149.53 ms, found 3 plugins.
Preloading 0 native plugins for Editor in 0.00 ms.
Mono: successfully reloaded assembly
- Completed reload, in  2.910 seconds
Domain Reload Profiling:
	ReloadAssembly (2911ms)
		BeginReloadAssembly (90ms)
			ExecutionOrderSort (0ms)
			DisableScriptedObjects (0ms)
			BackupInstance (0ms)
			ReleaseScriptingObjects (0ms)
			CreateAndSetChildDomain (1ms)
		EndReloadAssembly (775ms)
			LoadAssemblies (88ms)
			RebuildTransferFunctionScriptingTraits (0ms)
			SetupTypeCache (267ms)
			ReleaseScriptCaches (0ms)
			RebuildScriptCaches (52ms)
			SetupLoadedEditorAssemblies (390ms)
				LogAssemblyErrors (0ms)
				InitializePlatformSupportModulesInManaged (9ms)
				SetLoadedEditorAssemblies (0ms)
				RefreshPlugins (150ms)
				BeforeProcessingInitializeOnLoad (2ms)
				ProcessInitializeOnLoadAttributes (184ms)
				ProcessInitializeOnLoadMethodAttributes (44ms)
				AfterProcessingInitializeOnLoad (0ms)
				EditorAssembliesLoaded (0ms)
			ExecutionOrderSort2 (0ms)
			AwakeInstancesAfterBackupRestoration (0ms)
Platform modules already initialized, skipping
Registering precompiled user dll's ...
Registered in 0.023566 seconds.
Begin MonoManager ReloadAssembly
Symbol file LoadedFromMemory doesn't match image F:\Game Design\GMTK2021-GameJam\Library\PackageCache\com.unity.visualscripting@1.6.1\Editor\VisualScripting.Core\Dependencies\DotNetZip\Unity.VisualScripting.IonicZip.dll
Symbol file LoadedFromMemory doesn't match image F:\Game Design\GMTK2021-GameJam\Library\PackageCache\com.unity.visualscripting@1.6.1\Editor\VisualScripting.Core\Dependencies\YamlDotNet\Unity.VisualScripting.YamlDotNet.dll
Native extension for WindowsStandalone target not found
Native extension for OSXStandalone target not found
Refreshing native plugins compatible for Editor in 1.22 ms, found 3 plugins.
Preloading 0 native plugins for Editor in 0.00 ms.
Mono: successfully reloaded assembly
- Completed reload, in  1.869 seconds
Domain Reload Profiling:
	ReloadAssembly (1869ms)
		BeginReloadAssembly (229ms)
			ExecutionOrderSort (0ms)
			DisableScriptedObjects (7ms)
			BackupInstance (0ms)
			ReleaseScriptingObjects (0ms)
			CreateAndSetChildDomain (25ms)
		EndReloadAssembly (1558ms)
			LoadAssemblies (150ms)
			RebuildTransferFunctionScriptingTraits (0ms)
			SetupTypeCache (513ms)
			ReleaseScriptCaches (1ms)
			RebuildScriptCaches (80ms)
			SetupLoadedEditorAssemblies (686ms)
				LogAssemblyErrors (0ms)
				InitializePlatformSupportModulesInManaged (8ms)
				SetLoadedEditorAssemblies (1ms)
				RefreshPlugins (1ms)
				BeforeProcessingInitializeOnLoad (129ms)
				ProcessInitializeOnLoadAttributes (417ms)
				ProcessInitializeOnLoadMethodAttributes (124ms)
				AfterProcessingInitializeOnLoad (5ms)
				EditorAssembliesLoaded (0ms)
			ExecutionOrderSort2 (0ms)
			AwakeInstancesAfterBackupRestoration (10ms)
Platform modules already initialized, skipping
========================================================================
Worker process is ready to serve import requests
Launched and connected shader compiler UnityShaderCompiler.exe after 0.12 seconds
Refreshing native plugins compatible for Editor in 1.23 ms, found 3 plugins.
Preloading 0 native plugins for Editor in 0.00 ms.
Unloading 3494 Unused Serialized files (Serialized files now loaded: 0)
System memory in use before: 122.3 MB.
System memory in use after: 122.5 MB.

Unloading 62 unused Assets to reduce memory usage. Loaded Objects now: 3908.
Total: 7.253800 ms (FindLiveObjects: 0.317100 ms CreateObjectMapping: 0.373600 ms MarkObjects: 6.466600 ms  DeleteObjects: 0.095000 ms)

AssetImportParameters requested are different than current active one (requested -> active):
  custom:framework-win-MediaFoundation: 216162199b28c13a410421893ffa2e32 -> 
  custom:video-decoder-ogg-theora: a1e56fd34408186e4bbccfd4996cb3dc -> 
  custom:container-muxer-webm: aa71ff27fc2769a1b78a27578f13a17b -> 
  custom:container-demuxer-webm: 4f35f7cbe854078d1ac9338744f61a02 -> 
  custom:container-demuxer-ogg: 62fdf1f143b41e24485cea50d1cbac27 -> 
  custom:video-encoder-webm-vp8: eb34c28f22e8b96e1ab97ce403110664 -> 
  custom:video-decoder-webm-vp8: 9c59270c3fd7afecdb556c50c9e8de78 -> 
  custom:audio-decoder-ogg-vorbis: bf7c407c2cedff20999df2af8eb42d56 -> 
  custom:audio-encoder-webm-vorbis: bf7c407c2cedff20999df2af8eb42d56 -> 
========================================================================
Received Import Request.
  path: Assets/Scenes
  artifactKey: Guid(c87d0547fcad04b1bb6ceb0d77a3f88b) Importer(815301076,1909f56bfc062723c751e8b465ee728b)
Start importing Assets/Scenes using Guid(c87d0547fcad04b1bb6ceb0d77a3f88b) Importer(815301076,1909f56bfc062723c751e8b465ee728b)  -> (artifact id: '5e568899c6a242bd8d4d3bdf86113902') in 0.010143 seconds 
========================================================================
Received Import Request.
  Time since last request: 37.777268 seconds.
  path: Assets
  artifactKey: Guid(00000000000000001000000000000000) Importer(815301076,1909f56bfc062723c751e8b465ee728b)
Start importing Assets using Guid(00000000000000001000000000000000) Importer(815301076,1909f56bfc062723c751e8b465ee728b)  -> (artifact id: '42d402b061de3733987d63b9cc3b64de') in 0.005310 seconds 
========================================================================
Received Import Request.
  Time since last request: 10.453238 seconds.
  path: Assets/Tilemaps
  artifactKey: Guid(c08f97c9903166844ac0fd7c2e25ffff) Importer(815301076,1909f56bfc062723c751e8b465ee728b)
Start importing Assets/Tilemaps using Guid(c08f97c9903166844ac0fd7c2e25ffff) Importer(815301076,1909f56bfc062723c751e8b465ee728b)  -> (artifact id: '3413206874643e9b285e2485b1327329') in 0.004511 seconds 
========================================================================
Received Import Request.
  Time since last request: 89.312508 seconds.
  path: Assets/Tilemaps/MrBeast - WorldmapOverworld Tileset
  artifactKey: Guid(0f1a5f4e0a60bbb4cada8831671add18) Importer(815301076,1909f56bfc062723c751e8b465ee728b)
Start importing Assets/Tilemaps/MrBeast - WorldmapOverworld Tileset using Guid(0f1a5f4e0a60bbb4cada8831671add18) Importer(815301076,1909f56bfc062723c751e8b465ee728b)  -> (artifact id: 'f85d62b2263ab18d95343629c99aa948') in 0.004973 seconds 
========================================================================
Received Import Request.
  Time since last request: 1.682431 seconds.
  path: Assets/Tilemaps/mountains.png
  artifactKey: Guid(818072a14a82faa4081bc10922bf30bd) Importer(815301076,1909f56bfc062723c751e8b465ee728b)
Start importing Assets/Tilemaps/mountains.png using Guid(818072a14a82faa4081bc10922bf30bd) Importer(815301076,1909f56bfc062723c751e8b465ee728b)  -> (artifact id: 'b91e8676eba0f30d459d1327e2636350') in 0.228957 seconds 
========================================================================
Received Import Request.
  Time since last request: 0.000271 seconds.
  path: Assets/Tilemaps/water.png
  artifactKey: Guid(09c2971a31fe5b847b681d0f75e09c26) Importer(815301076,1909f56bfc062723c751e8b465ee728b)
Start importing Assets/Tilemaps/water.png using Guid(09c2971a31fe5b847b681d0f75e09c26) Importer(815301076,1909f56bfc062723c751e8b465ee728b)  -> (artifact id: '64ab697a8b678aa3fb82fdaf41e0e1c7') in 0.016600 seconds 
========================================================================
Received Import Request.
  Time since last request: 266.562038 seconds.
  path: Assets/Tilemaps/MrBeast - WorldmapOverworld Tileset/tileset.png
  artifactKey: Guid(cae3344e9a268bf45a04f50dbf20d951) Importer(815301076,1909f56bfc062723c751e8b465ee728b)
Start importing Assets/Tilemaps/MrBeast - WorldmapOverworld Tileset/tileset.png using Guid(cae3344e9a268bf45a04f50dbf20d951) Importer(815301076,1909f56bfc062723c751e8b465ee728b)  -> (artifact id: 'e3fe8239a4323238489ae7ea2e87bf98') in 0.021276 seconds 
========================================================================
Received Import Request.
  Time since last request: 97.689947 seconds.
  path: Assets/Tilemaps/MrBeast - WorldmapOverworld Tileset/tileset.png
  artifactKey: Guid(cae3344e9a268bf45a04f50dbf20d951) Importer(815301076,1909f56bfc062723c751e8b465ee728b)
Start importing Assets/Tilemaps/MrBeast - WorldmapOverworld Tileset/tileset.png using Guid(cae3344e9a268bf45a04f50dbf20d951) Importer(815301076,1909f56bfc062723c751e8b465ee728b)  -> (artifact id: '220ed0b33af484770ec7e61d4fb4a5c4') in 0.017064 seconds 
========================================================================
Received Import Request.
  Time since last request: 19.084986 seconds.
  path: Assets/Tilemaps/MrBeast - WorldmapOverworld Tileset/tileset.png
  artifactKey: Guid(cae3344e9a268bf45a04f50dbf20d951) Importer(815301076,1909f56bfc062723c751e8b465ee728b)
Start importing Assets/Tilemaps/MrBeast - WorldmapOverworld Tileset/tileset.png using Guid(cae3344e9a268bf45a04f50dbf20d951) Importer(815301076,1909f56bfc062723c751e8b465ee728b)  -> (artifact id: '522d45d16429413a8fb2461d18a091d1') in 0.015585 seconds 
========================================================================
Received Import Request.
  Time since last request: 58.991624 seconds.
  path: Assets/Tilemaps/MrBeast - WorldmapOverworld Tileset/tileset.png
  artifactKey: Guid(cae3344e9a268bf45a04f50dbf20d951) Importer(815301076,1909f56bfc062723c751e8b465ee728b)
Start importing Assets/Tilemaps/MrBeast - WorldmapOverworld Tileset/tileset.png using Guid(cae3344e9a268bf45a04f50dbf20d951) Importer(815301076,1909f56bfc062723c751e8b465ee728b)  -> (artifact id: '5374dbf20b72b1105b76e2d8eb480e36') in 0.013340 seconds 
========================================================================
Received Import Request.
  Time since last request: 30.122815 seconds.
  path: Assets/Tilemaps/MrBeast - WorldmapOverworld Tileset/tileset.png
  artifactKey: Guid(cae3344e9a268bf45a04f50dbf20d951) Importer(815301076,1909f56bfc062723c751e8b465ee728b)
Start importing Assets/Tilemaps/MrBeast - WorldmapOverworld Tileset/tileset.png using Guid(cae3344e9a268bf45a04f50dbf20d951) Importer(815301076,1909f56bfc062723c751e8b465ee728b)  -> (artifact id: '3d367a8ed40cb1c21125f60c56d9d470') in 0.492014 seconds 
========================================================================
Received Import Request.
  Time since last request: 170.739087 seconds.
  path: Assets/Tilemaps/MrBeast - WorldmapOverworld Tileset/water.png
  artifactKey: Guid(09c2971a31fe5b847b681d0f75e09c26) Importer(815301076,1909f56bfc062723c751e8b465ee728b)
Start importing Assets/Tilemaps/MrBeast - WorldmapOverworld Tileset/water.png using Guid(09c2971a31fe5b847b681d0f75e09c26) Importer(815301076,1909f56bfc062723c751e8b465ee728b)  -> (artifact id: 'c2c0bda562acddd0c510c5e98ae2f2c1') in 0.013924 seconds 
========================================================================
Received Import Request.
  Time since last request: 26.676088 seconds.
  path: Assets/Tilemaps/MrBeast - WorldmapOverworld Tileset/water.png
  artifactKey: Guid(09c2971a31fe5b847b681d0f75e09c26) Importer(815301076,1909f56bfc062723c751e8b465ee728b)
Start importing Assets/Tilemaps/MrBeast - WorldmapOverworld Tileset/water.png using Guid(09c2971a31fe5b847b681d0f75e09c26) Importer(815301076,1909f56bfc062723c751e8b465ee728b)  -> (artifact id: '7e04ed10bcc541265f44a4f624a187f5') in 0.011843 seconds 
========================================================================
Received Import Request.
  Time since last request: 25.357523 seconds.
  path: Assets/Tilemaps/MrBeast - WorldmapOverworld Tileset/water.png
  artifactKey: Guid(09c2971a31fe5b847b681d0f75e09c26) Importer(815301076,1909f56bfc062723c751e8b465ee728b)
Start importing Assets/Tilemaps/MrBeast - WorldmapOverworld Tileset/water.png using Guid(09c2971a31fe5b847b681d0f75e09c26) Importer(815301076,1909f56bfc062723c751e8b465ee728b)  -> (artifact id: '8c686ea1b929b1332d6b217c6aee9afa') in 0.152296 seconds 
========================================================================
Received Import Request.
  Time since last request: 60.125122 seconds.
  path: Assets/Tilemaps/MrBeast - WorldmapOverworld Tileset/mountains.png
  artifactKey: Guid(818072a14a82faa4081bc10922bf30bd) Importer(815301076,1909f56bfc062723c751e8b465ee728b)
Start importing Assets/Tilemaps/MrBeast - WorldmapOverworld Tileset/mountains.png using Guid(818072a14a82faa4081bc10922bf30bd) Importer(815301076,1909f56bfc062723c751e8b465ee728b)  -> (artifact id: '60f05df0650d4d74299b763fc507bfa1') in 0.011895 seconds 
========================================================================
Received Import Request.
  Time since last request: 13.725387 seconds.
  path: Assets/Tilemaps/MrBeast - WorldmapOverworld Tileset/mountains.png
  artifactKey: Guid(818072a14a82faa4081bc10922bf30bd) Importer(815301076,1909f56bfc062723c751e8b465ee728b)
Start importing Assets/Tilemaps/MrBeast - WorldmapOverworld Tileset/mountains.png using Guid(818072a14a82faa4081bc10922bf30bd) Importer(815301076,1909f56bfc062723c751e8b465ee728b)  -> (artifact id: 'f0f2479b201a74b825ab18b1d1ac8037') in 0.153190 seconds 
========================================================================
Received Import Request.
  Time since last request: 9.273347 seconds.
  path: Assets/Tilemaps/MrBeast - WorldmapOverworld Tileset/mountains.png
  artifactKey: Guid(818072a14a82faa4081bc10922bf30bd) Importer(815301076,1909f56bfc062723c751e8b465ee728b)
Start importing Assets/Tilemaps/MrBeast - WorldmapOverworld Tileset/mountains.png using Guid(818072a14a82faa4081bc10922bf30bd) Importer(815301076,1909f56bfc062723c751e8b465ee728b)  -> (artifact id: 'c05b2439ec14fdb1326dffbff9118444') in 0.164384 seconds 
